21:26:24 [vig] INFO: === Vig v1 Starting (LIVE mode) ===
21:26:29 [vig.notifier] INFO: Telegram not configured -- notifications disabled
21:26:29 [vig] INFO: Initializing CLOB client...
21:26:29 [vig] ERROR: ❌ CLOB client initialization failed: No module named 'py_clob_client'
21:26:29 [vig] ERROR: Full error traceback:
Traceback (most recent call last):
  File "/Users/mikaelo/vig/main.py", line 80, in main
    from py_clob_client.client import ClobClient
ModuleNotFoundError: No module named 'py_clob_client'

21:26:29 [vig] ERROR: Unknown error: No module named 'py_clob_client'
21:26:29 [vig] ERROR: ============================================================
21:26:29 [vig] ERROR: ⚠️  CLOB CLIENT NOT AVAILABLE
21:26:29 [vig] ERROR: Bot will run in SCAN-ONLY mode:
21:26:29 [vig] ERROR:   - ✅ Will scan markets and log candidates
21:26:29 [vig] ERROR:   - ❌ Will NOT place bets
21:26:29 [vig] ERROR:   - ✅ Dashboard will show scanning activity
21:26:29 [vig] ERROR: ============================================================
21:26:29 [vig] ERROR: To enable betting:
21:26:29 [vig] ERROR:   1. Verify network connectivity to CLOB API
21:26:29 [vig] ERROR:   2. Check CLOB API credentials and access
21:26:29 [vig] ERROR:   3. Review error details above for specific issue
21:26:29 [vig] ERROR: ============================================================
21:26:31 [vig.snowball] INFO: State restored: clip=$10.00 phase=growth
21:26:31 [vig] INFO: Restored: clip=$10.00 phase=growth
21:26:31 [vig] INFO: 
==================================================
21:26:31 [vig] INFO: WINDOW 1000
21:26:31 [vig] INFO: ==================================================
21:26:34 [vig.risk] WARNING: [STOP] Win rate 74.5% over last 94 bets -> Stop trading. Strategy may be broken.
21:26:34 [vig] ERROR: Circuit breaker: STOP. Exiting.
21:26:35 [vig] INFO: [SLEEP] Sleeping 3600s at 03:26:35 UTC
22:26:36 [vig] INFO: [SLEEP] Woke up at 04:26:36 UTC (slept 3601s)
22:26:36 [vig] INFO: Vig shutting down.
