2026-02-05 10:47:10,609 [INFO] ================================================================================
2026-02-05 10:47:10,613 [INFO] SQLITE → POSTGRESQL MIGRATION
2026-02-05 10:47:10,613 [INFO] ================================================================================
2026-02-05 10:47:10,614 [INFO] 
2026-02-05 10:47:10,614 [INFO] 📂 Reading from SQLite: vig.db
2026-02-05 10:47:10,821 [INFO] SQLite counts: {'bets': 23, 'windows': 33160, 'circuit_breaker_log': 0}
2026-02-05 10:47:10,821 [INFO] 
2026-02-05 10:47:10,822 [INFO] Connecting to PostgreSQL (attempt 1/3)...
2026-02-05 10:47:13,781 [INFO] ✓ PostgreSQL connected
2026-02-05 10:47:13,782 [INFO] 🔨 Creating schema in PostgreSQL...
2026-02-05 10:47:15,005 [INFO] ✓ Schema created
2026-02-05 10:47:15,005 [INFO] 
2026-02-05 10:47:15,006 [INFO] 📥 Migrating bets...
2026-02-05 10:48:15,623 [WARNING]   ⚠️  Could not check existing bets, assuming empty: canceling statement due to statement timeout

2026-02-05 10:48:15,625 [INFO]   bets: Migrating 23 new rows (of 23 total) in 1 batches
2026-02-05 10:48:15,930 [WARNING]   Batch 1 failed (attempt 1/3): current transaction is aborted, commands ignored until end of transaction block

2026-02-05 10:48:15,931 [INFO]   Retrying batch 1...
2026-02-05 10:48:15,932 [INFO] Connecting to PostgreSQL (attempt 1/3)...
2026-02-05 10:48:18,728 [INFO] ✓ PostgreSQL connected
2026-02-05 10:49:20,042 [WARNING]   Batch 1 failed (attempt 2/3): canceling statement due to statement timeout

2026-02-05 10:49:20,044 [INFO]   Retrying batch 1...
2026-02-05 10:49:20,045 [INFO] Connecting to PostgreSQL (attempt 1/3)...
2026-02-05 10:49:22,977 [INFO] ✓ PostgreSQL connected
2026-02-05 10:50:24,292 [ERROR]   ❌ Batch 1 failed after 3 attempts: canceling statement due to statement timeout

2026-02-05 10:50:24,294 [ERROR]   Migration stopped. 0 rows migrated so far.
2026-02-05 10:50:24,295 [ERROR] 
❌ Migration failed: canceling statement due to statement timeout

2026-02-05 10:50:24,302 [ERROR] Traceback (most recent call last):
  File "/Users/mikaelo/vig/migrate_to_postgres.py", line 450, in <module>
    main()
  File "/Users/mikaelo/vig/migrate_to_postgres.py", line 331, in main
    migrate_table(
  File "/Users/mikaelo/vig/migrate_to_postgres.py", line 165, in migrate_table
    cur.executemany(insert_sql, batch)
psycopg2.errors.QueryCanceled: canceling statement due to statement timeout


